Using pre-set license
Built from '2020.3/staging' branch; Version is '2020.3.0f1 (c7b5465681fb) revision 13088070'; Using compiler version '192528614'; Build Type 'Release'
OS: 'Windows 10 Home; OS build 19042.928; Version 2009; 64bit' Language: 'en' Physical Memory: 32640 MB
BatchMode: 1, IsHumanControllingUs: 0, StartBugReporterOnCrash: 0, Is64bit: 1, IsPro: 0

 COMMAND LINE ARGUMENTS:
C:\Program Files\Unity\Hub\Editor\2020.3.0f1\Editor\Unity.exe
-adb2
-batchMode
-noUpm
-name
AssetImportWorker0
-projectPath
D:/Users/JonathanBlaine/Documents/GitHub/MarbleMadness/Sprite Capture
-logFile
Logs/AssetImportWorker0.log
-srvPort
64984
Successfully changed project path to: D:/Users/JonathanBlaine/Documents/GitHub/MarbleMadness/Sprite Capture
D:/Users/JonathanBlaine/Documents/GitHub/MarbleMadness/Sprite Capture
Using Asset Import Pipeline V2.
Refreshing native plugins compatible for Editor in 22.42 ms, found 0 plugins.
Preloading 0 native plugins for Editor in 0.00 ms.
Initialize engine version: 2020.3.0f1 (c7b5465681fb)
[Subsystems] Discovering subsystems at path C:/Program Files/Unity/Hub/Editor/2020.3.0f1/Editor/Data/Resources/UnitySubsystems
[Subsystems] Discovering subsystems at path D:/Users/JonathanBlaine/Documents/GitHub/MarbleMadness/Sprite Capture/Assets
GfxDevice: creating device client; threaded=0
Direct3D:
    Version:  Direct3D 11.0 [level 11.1]
    Renderer: NVIDIA GeForce RTX 2070 (ID=0x1f02)
    Vendor:   
    VRAM:     8031 MB
    Driver:   27.21.14.6627
Initialize mono
Mono path[0] = 'C:/Program Files/Unity/Hub/Editor/2020.3.0f1/Editor/Data/Managed'
Mono path[1] = 'C:/Program Files/Unity/Hub/Editor/2020.3.0f1/Editor/Data/MonoBleedingEdge/lib/mono/unityjit'
Mono config path = 'C:/Program Files/Unity/Hub/Editor/2020.3.0f1/Editor/Data/MonoBleedingEdge/etc'
Using monoOptions --debugger-agent=transport=dt_socket,embedding=1,server=y,suspend=n,address=127.0.0.1:56156
Begin MonoManager ReloadAssembly
Registering precompiled unity dll's ...
Register platform support module: C:/Program Files/Unity/Hub/Editor/2020.3.0f1/Editor/Data/PlaybackEngines/WindowsStandaloneSupport/UnityEditor.WindowsStandalone.Extensions.dll
Registered in 0.002436 seconds.
Native extension for WindowsStandalone target not found
Refreshing native plugins compatible for Editor in 25.72 ms, found 0 plugins.
Preloading 0 native plugins for Editor in 0.00 ms.
Invoked RoslynAnalysisRunner static constructor.
RoslynAnalysisRunner will not be running.
RoslynAnalysisRunner has terminated.
Mono: successfully reloaded assembly
- Completed reload, in  2.321 seconds
Platform modules already initialized, skipping
Registering precompiled user dll's ...
Registered in 0.001104 seconds.
Begin MonoManager ReloadAssembly
Native extension for WindowsStandalone target not found
Refreshing native plugins compatible for Editor in 0.30 ms, found 0 plugins.
Preloading 0 native plugins for Editor in 0.00 ms.
Invoked RoslynAnalysisRunner static constructor.
RoslynAnalysisRunner will not be running.
RoslynAnalysisRunner has terminated.
Mono: successfully reloaded assembly
- Completed reload, in  1.150 seconds
Platform modules already initialized, skipping
========================================================================
Worker process is ready to serve import requests
Launched and connected shader compiler UnityShaderCompiler.exe after 0.06 seconds
Refreshing native plugins compatible for Editor in 0.36 ms, found 0 plugins.
Preloading 0 native plugins for Editor in 0.00 ms.
Unloading 1115 Unused Serialized files (Serialized files now loaded: 0)
System memory in use before: 57.0 MB.
System memory in use after: 57.0 MB.

Unloading 11 unused Assets to reduce memory usage. Loaded Objects now: 1562.
Total: 2.377200 ms (FindLiveObjects: 0.303500 ms CreateObjectMapping: 0.052300 ms MarkObjects: 1.914500 ms  DeleteObjects: 0.105000 ms)

========================================================================
Received Import Request.
  path: Assets/Sprite Capture/SpriteCapture.cs
  artifactKey: Guid(a3aa4249e17829e458b82537c8987f0f) Importer(815301076,1909f56bfc062723c751e8b465ee728b)
Start importing Assets/Sprite Capture/SpriteCapture.cs using Guid(a3aa4249e17829e458b82537c8987f0f) Importer(815301076,1909f56bfc062723c751e8b465ee728b)  -> (artifact id: '6b48dec38fae2f0b1cbd7c25d2bae992') in 0.029059 seconds
  Import took 0.031154 seconds .

========================================================================
Received Import Request.
  Time since last request: 46.162357 seconds.
  path: Assets/Sprite Capture/Script
  artifactKey: Guid(26c300414d4535342b9313a1a90c5ee6) Importer(815301076,1909f56bfc062723c751e8b465ee728b)
Start importing Assets/Sprite Capture/Script using Guid(26c300414d4535342b9313a1a90c5ee6) Importer(815301076,1909f56bfc062723c751e8b465ee728b)  -> (artifact id: 'f6b194b6b83ebd5c6c0281098953ccc1') in 0.003059 seconds
  Import took 0.005859 seconds .

========================================================================
Received Import Request.
  Time since last request: 0.001921 seconds.
  path: Assets/Sprite Capture/Script
  artifactKey: Guid(26c300414d4535342b9313a1a90c5ee6) Importer(815301076,1909f56bfc062723c751e8b465ee728b)
Start importing Assets/Sprite Capture/Script using Guid(26c300414d4535342b9313a1a90c5ee6) Importer(815301076,1909f56bfc062723c751e8b465ee728b)  -> (artifact id: 'f6b194b6b83ebd5c6c0281098953ccc1') in 0.002676 seconds
  Import took 0.005205 seconds .

========================================================================
Received Prepare
Registering precompiled user dll's ...
Registered in 0.001054 seconds.
Begin MonoManager ReloadAssembly
Native extension for WindowsStandalone target not found
Refreshing native plugins compatible for Editor in 0.35 ms, found 0 plugins.
Preloading 0 native plugins for Editor in 0.00 ms.
Invoked RoslynAnalysisRunner static constructor.
RoslynAnalysisRunner will not be running.
RoslynAnalysisRunner has terminated.
Mono: successfully reloaded assembly
- Completed reload, in  0.819 seconds
Platform modules already initialized, skipping
Refreshing native plugins compatible for Editor in 0.28 ms, found 0 plugins.
Preloading 0 native plugins for Editor in 0.00 ms.
Unloading 1110 Unused Serialized files (Serialized files now loaded: 0)
System memory in use before: 56.9 MB.
System memory in use after: 57.0 MB.

Unloading 6 unused Assets to reduce memory usage. Loaded Objects now: 1565.
Total: 1.751000 ms (FindLiveObjects: 0.186600 ms CreateObjectMapping: 0.055200 ms MarkObjects: 1.448200 ms  DeleteObjects: 0.059100 ms)

========================================================================
Received Import Request.
  Time since last request: 12.906968 seconds.
  path: Assets/Sprite Capture/Demo
  artifactKey: Guid(0f1460e01edd88a4cac3b946ab6a32b4) Importer(815301076,1909f56bfc062723c751e8b465ee728b)
Start importing Assets/Sprite Capture/Demo using Guid(0f1460e01edd88a4cac3b946ab6a32b4) Importer(815301076,1909f56bfc062723c751e8b465ee728b)  -> (artifact id: 'b3403075235910c1597d389e8d72e81c') in 0.006050 seconds
  Import took 0.021494 seconds .

========================================================================
Received Import Request.
  Time since last request: 0.003030 seconds.
  path: Assets/Sprite Capture/Demo
  artifactKey: Guid(0f1460e01edd88a4cac3b946ab6a32b4) Importer(815301076,1909f56bfc062723c751e8b465ee728b)
Start importing Assets/Sprite Capture/Demo using Guid(0f1460e01edd88a4cac3b946ab6a32b4) Importer(815301076,1909f56bfc062723c751e8b465ee728b)  -> (artifact id: 'b3403075235910c1597d389e8d72e81c') in 0.001852 seconds
  Import took 0.003250 seconds .

========================================================================
Received Import Request.
  Time since last request: 60.763920 seconds.
  path: Assets/Materials
  artifactKey: Guid(5a19f13cde47ae841ba39abc0bd838f4) Importer(815301076,1909f56bfc062723c751e8b465ee728b)
Start importing Assets/Materials using Guid(5a19f13cde47ae841ba39abc0bd838f4) Importer(815301076,1909f56bfc062723c751e8b465ee728b)  -> (artifact id: '395845aef616c60f3cec5d317f1abead') in 0.002955 seconds
  Import took 0.005750 seconds .

========================================================================
Received Import Request.
  Time since last request: 0.002783 seconds.
  path: Assets/Materials
  artifactKey: Guid(5a19f13cde47ae841ba39abc0bd838f4) Importer(815301076,1909f56bfc062723c751e8b465ee728b)
Start importing Assets/Materials using Guid(5a19f13cde47ae841ba39abc0bd838f4) Importer(815301076,1909f56bfc062723c751e8b465ee728b)  -> (artifact id: '395845aef616c60f3cec5d317f1abead') in 0.002796 seconds
  Import took 0.005255 seconds .

========================================================================
Received Import Request.
  Time since last request: 11.264150 seconds.
  path: Assets/Materials/New Material.mat
  artifactKey: Guid(79af9741cca89cc4fba45ac81f77df65) Importer(815301076,1909f56bfc062723c751e8b465ee728b)
Start importing Assets/Materials/New Material.mat using Guid(79af9741cca89cc4fba45ac81f77df65) Importer(815301076,1909f56bfc062723c751e8b465ee728b)  -> (artifact id: '78b0f3c999165890a2c843dcb4de4ef6') in 0.088299 seconds
  Import took 0.090239 seconds .

========================================================================
Received Import Request.
  Time since last request: 37.942578 seconds.
  path: Assets/Materials/New Flare.flare
  artifactKey: Guid(17156ad8e2b661e4492931698d7c59a6) Importer(815301076,1909f56bfc062723c751e8b465ee728b)
Start importing Assets/Materials/New Flare.flare using Guid(17156ad8e2b661e4492931698d7c59a6) Importer(815301076,1909f56bfc062723c751e8b465ee728b)  -> (artifact id: '8d46bd85b8712916a27fed57755d68bb') in 0.011888 seconds
  Import took 0.014238 seconds .

========================================================================
Received Import Request.
  Time since last request: 16.649845 seconds.
  path: Assets/Materials/Green.mat
  artifactKey: Guid(7b50d61ed7bcc864bb878cff67fdce94) Importer(815301076,1909f56bfc062723c751e8b465ee728b)
Start importing Assets/Materials/Green.mat using Guid(7b50d61ed7bcc864bb878cff67fdce94) Importer(815301076,1909f56bfc062723c751e8b465ee728b)  -> (artifact id: '5e96fff60658b5d3cc65244c23d0579a') in 0.012956 seconds
  Import took 0.015361 seconds .

========================================================================
Received Import Request.
  Time since last request: 7.123926 seconds.
  path: Assets/Materials/Blue.mat
  artifactKey: Guid(e68f1bfcf97f9a747b25d28d06b7c0a4) Importer(815301076,1909f56bfc062723c751e8b465ee728b)
Start importing Assets/Materials/Blue.mat using Guid(e68f1bfcf97f9a747b25d28d06b7c0a4) Importer(815301076,1909f56bfc062723c751e8b465ee728b)  -> (artifact id: 'c5f239e0f65667a913218cca3d8bbbdf') in 0.017542 seconds
  Import took 0.020391 seconds .

========================================================================
Received Import Request.
  Time since last request: 12.287946 seconds.
  path: Assets/Materials/Red.mat
  artifactKey: Guid(7c155879952037248a2d8fd291bdbb3f) Importer(815301076,1909f56bfc062723c751e8b465ee728b)
Start importing Assets/Materials/Red.mat using Guid(7c155879952037248a2d8fd291bdbb3f) Importer(815301076,1909f56bfc062723c751e8b465ee728b)  -> (artifact id: '52d1c709ed8f574dee7a346817073c2a') in 0.023204 seconds
  Import took 0.025662 seconds .

========================================================================
Received Import Request.
  Time since last request: 79.419424 seconds.
  path: Assets/Materials/White.mat
  artifactKey: Guid(c04bc835ba8af73408fd32c09c174ba5) Importer(815301076,1909f56bfc062723c751e8b465ee728b)
Start importing Assets/Materials/White.mat using Guid(c04bc835ba8af73408fd32c09c174ba5) Importer(815301076,1909f56bfc062723c751e8b465ee728b)  -> (artifact id: '3dc81bd867811411be5910a146d9bfdd') in 0.012865 seconds
  Import took 0.015284 seconds .

========================================================================
Received Import Request.
  Time since last request: 695.865171 seconds.
  path: Assets/Scenes
  artifactKey: Guid(b0c3de5f18a52304a9ce9f501cf3415c) Importer(815301076,1909f56bfc062723c751e8b465ee728b)
Start importing Assets/Scenes using Guid(b0c3de5f18a52304a9ce9f501cf3415c) Importer(815301076,1909f56bfc062723c751e8b465ee728b)  -> (artifact id: '08da21344be7fbbba18d9d2ac4577d3d') in 0.002178 seconds
  Import took 0.004189 seconds .

========================================================================
Received Prepare
Registering precompiled user dll's ...
Registered in 0.001177 seconds.
Begin MonoManager ReloadAssembly
Native extension for WindowsStandalone target not found
Refreshing native plugins compatible for Editor in 0.29 ms, found 0 plugins.
Preloading 0 native plugins for Editor in 0.00 ms.
Invoked RoslynAnalysisRunner static constructor.
RoslynAnalysisRunner will not be running.
RoslynAnalysisRunner has terminated.
Mono: successfully reloaded assembly
- Completed reload, in  0.802 seconds
Platform modules already initialized, skipping
Refreshing native plugins compatible for Editor in 0.37 ms, found 0 plugins.
Preloading 0 native plugins for Editor in 0.00 ms.
Unloading 1110 Unused Serialized files (Serialized files now loaded: 0)
System memory in use before: 60.3 MB.
System memory in use after: 60.4 MB.

Unloading 6 unused Assets to reduce memory usage. Loaded Objects now: 1608.
Total: 1.877000 ms (FindLiveObjects: 0.187000 ms CreateObjectMapping: 0.030900 ms MarkObjects: 1.578700 ms  DeleteObjects: 0.078400 ms)

========================================================================
Received Prepare
Registering precompiled user dll's ...
Registered in 0.001071 seconds.
Begin MonoManager ReloadAssembly
Native extension for WindowsStandalone target not found
Refreshing native plugins compatible for Editor in 0.27 ms, found 0 plugins.
Preloading 0 native plugins for Editor in 0.00 ms.
Invoked RoslynAnalysisRunner static constructor.
RoslynAnalysisRunner will not be running.
RoslynAnalysisRunner has terminated.
Mono: successfully reloaded assembly
- Completed reload, in  0.822 seconds
Platform modules already initialized, skipping
Refreshing native plugins compatible for Editor in 0.25 ms, found 0 plugins.
Preloading 0 native plugins for Editor in 0.00 ms.
Unloading 1110 Unused Serialized files (Serialized files now loaded: 0)
System memory in use before: 60.3 MB.
System memory in use after: 60.4 MB.

Unloading 6 unused Assets to reduce memory usage. Loaded Objects now: 1611.
Total: 1.925600 ms (FindLiveObjects: 0.212800 ms CreateObjectMapping: 0.050200 ms MarkObjects: 1.597500 ms  DeleteObjects: 0.063500 ms)

========================================================================
Received Prepare
Registering precompiled user dll's ...
Registered in 0.001014 seconds.
Begin MonoManager ReloadAssembly
Native extension for WindowsStandalone target not found
Refreshing native plugins compatible for Editor in 0.26 ms, found 0 plugins.
Preloading 0 native plugins for Editor in 0.00 ms.
Invoked RoslynAnalysisRunner static constructor.
RoslynAnalysisRunner will not be running.
RoslynAnalysisRunner has terminated.
Mono: successfully reloaded assembly
- Completed reload, in  0.786 seconds
Platform modules already initialized, skipping
Refreshing native plugins compatible for Editor in 0.26 ms, found 0 plugins.
Preloading 0 native plugins for Editor in 0.00 ms.
Unloading 1110 Unused Serialized files (Serialized files now loaded: 0)
System memory in use before: 60.3 MB.
System memory in use after: 60.4 MB.

Unloading 6 unused Assets to reduce memory usage. Loaded Objects now: 1614.
Total: 1.764200 ms (FindLiveObjects: 0.156300 ms CreateObjectMapping: 0.033100 ms MarkObjects: 1.506500 ms  DeleteObjects: 0.067000 ms)

AssetImportWorkerClient::OnTransportError - code=2 error=End of file
